#! /c/Source/iverilog-install/bin/vvp
:ivl_version "12.0 (devel)" "(s20150603-1110-g18392a46)";
:ivl_delay_selection "TYPICAL";
:vpi_time_precision + 0;
:vpi_module "C:\iverilog\lib\ivl\system.vpi";
:vpi_module "C:\iverilog\lib\ivl\vhdl_sys.vpi";
:vpi_module "C:\iverilog\lib\ivl\vhdl_textio.vpi";
:vpi_module "C:\iverilog\lib\ivl\v2005_math.vpi";
:vpi_module "C:\iverilog\lib\ivl\va_math.vpi";
S_0000025eec409dd0 .scope module, "tb" "tb" 2 28;
 .timescale 0 0;
v0000025eec456c00_0 .var "a", 0 0;
v0000025eec456ca0_0 .var "b", 0 0;
v0000025eec456d40_0 .net "c", 0 0, v0000025eec456ac0_0;  1 drivers
S_0000025eec456930 .scope module, "simp" "simple" 2 32, 2 3 0, S_0000025eec409dd0;
 .timescale 0 0;
    .port_info 0 /INPUT 1 "a";
    .port_info 1 /INPUT 1 "b";
    .port_info 2 /OUTPUT 1 "c";
L_0000025eec409f60 .functor XOR 1, v0000025eec456c00_0, v0000025eec456ca0_0, C4<0>, C4<0>;
v0000025eec407670_0 .net "a", 0 0, v0000025eec456c00_0;  1 drivers
v0000025eec406f10_0 .net "b", 0 0, v0000025eec456ca0_0;  1 drivers
v0000025eec456ac0_0 .var "c", 0 0;
v0000025eec456b60_0 .net "temp", 0 0, L_0000025eec409f60;  1 drivers
E_0000025eec40ce40 .event anyedge, v0000025eec406f10_0, v0000025eec407670_0;
    .scope S_0000025eec456930;
T_0 ;
    %pushi/vec4 0, 0, 1;
    %store/vec4 v0000025eec456ac0_0, 0, 1;
    %end;
    .thread T_0;
    .scope S_0000025eec456930;
T_1 ;
    %wait E_0000025eec40ce40;
    %load/vec4 v0000025eec456ac0_0;
    %cmpi/e 0, 0, 1;
    %jmp/0xz  T_1.0, 4;
    %load/vec4 v0000025eec407670_0;
    %load/vec4 v0000025eec406f10_0;
    %xor;
    %store/vec4 v0000025eec456ac0_0, 0, 1;
    %jmp T_1.1;
T_1.0 ;
    %load/vec4 v0000025eec407670_0;
    %load/vec4 v0000025eec406f10_0;
    %and;
    %store/vec4 v0000025eec456ac0_0, 0, 1;
T_1.1 ;
    %jmp T_1;
    .thread T_1, $push;
    .scope S_0000025eec409dd0;
T_2 ;
    %pushi/vec4 1, 0, 1;
    %store/vec4 v0000025eec456c00_0, 0, 1;
    %pushi/vec4 1, 0, 1;
    %store/vec4 v0000025eec456ca0_0, 0, 1;
    %vpi_call 2 38 "$monitor", "a=%b, b=%b, c=%b", v0000025eec456c00_0, v0000025eec456ca0_0, v0000025eec456d40_0 {0 0 0};
    %delay 5, 0;
    %pushi/vec4 0, 0, 1;
    %store/vec4 v0000025eec456c00_0, 0, 1;
    %pushi/vec4 1, 0, 1;
    %store/vec4 v0000025eec456ca0_0, 0, 1;
    %delay 5, 0;
    %pushi/vec4 0, 0, 1;
    %store/vec4 v0000025eec456c00_0, 0, 1;
    %pushi/vec4 0, 0, 1;
    %store/vec4 v0000025eec456ca0_0, 0, 1;
    %delay 5, 0;
    %pushi/vec4 1, 0, 1;
    %store/vec4 v0000025eec456c00_0, 0, 1;
    %pushi/vec4 0, 0, 1;
    %store/vec4 v0000025eec456ca0_0, 0, 1;
    %end;
    .thread T_2;
# The file index is used to find the file name in the following table.
:file_names 3;
    "N/A";
    "<interactive>";
    "always_tb.v";
