#! /c/Source/iverilog-install/bin/vvp
:ivl_version "12.0 (devel)" "(s20150603-1110-g18392a46)";
:ivl_delay_selection "TYPICAL";
:vpi_time_precision + 0;
:vpi_module "C:\iverilog\lib\ivl\system.vpi";
:vpi_module "C:\iverilog\lib\ivl\vhdl_sys.vpi";
:vpi_module "C:\iverilog\lib\ivl\vhdl_textio.vpi";
:vpi_module "C:\iverilog\lib\ivl\v2005_math.vpi";
:vpi_module "C:\iverilog\lib\ivl\va_math.vpi";
S_000002e9eb4eaa50 .scope module, "tb" "tb" 2 29;
 .timescale 0 0;
v000002e9eb543cc0_0 .var "A", 7 0;
v000002e9eb5435e0_0 .var "B", 7 0;
v000002e9eb5444e0_0 .net "C_out", 0 0, L_000002e9eb54a650;  1 drivers
v000002e9eb543860_0 .net "R", 7 0, L_000002e9eb54b870;  1 drivers
S_000002e9eb4eabe0 .scope module, "subtr" "eight_bit_subtr" 2 34, 2 9 0, S_000002e9eb4eaa50;
 .timescale 0 0;
    .port_info 0 /INPUT 8 "a";
    .port_info 1 /INPUT 8 "b";
    .port_info 2 /OUTPUT 8 "r";
    .port_info 3 /OUTPUT 1 "c_out";
v000002e9eb544800_0 .net "a", 7 0, v000002e9eb543cc0_0;  1 drivers
v000002e9eb543ae0_0 .net "b", 7 0, v000002e9eb5435e0_0;  1 drivers
v000002e9eb544da0_0 .net "c", 7 0, L_000002e9eb54a8d0;  1 drivers
v000002e9eb543680_0 .net "c_out", 0 0, L_000002e9eb54a650;  alias, 1 drivers
v000002e9eb544300_0 .net "r", 7 0, L_000002e9eb54b870;  alias, 1 drivers
L_000002e9eb545160 .part v000002e9eb543cc0_0, 0, 1;
L_000002e9eb543a40 .part v000002e9eb5435e0_0, 0, 1;
L_000002e9eb544ee0 .part v000002e9eb543cc0_0, 1, 1;
L_000002e9eb543ea0 .part v000002e9eb5435e0_0, 1, 1;
L_000002e9eb543fe0 .part L_000002e9eb54a8d0, 0, 1;
L_000002e9eb545480 .part v000002e9eb543cc0_0, 2, 1;
L_000002e9eb545340 .part v000002e9eb5435e0_0, 2, 1;
L_000002e9eb5448a0 .part L_000002e9eb54a8d0, 1, 1;
L_000002e9eb544940 .part v000002e9eb543cc0_0, 3, 1;
L_000002e9eb543b80 .part v000002e9eb5435e0_0, 3, 1;
L_000002e9eb543e00 .part L_000002e9eb54a8d0, 2, 1;
L_000002e9eb544120 .part v000002e9eb543cc0_0, 4, 1;
L_000002e9eb5437c0 .part v000002e9eb5435e0_0, 4, 1;
L_000002e9eb5453e0 .part L_000002e9eb54a8d0, 3, 1;
L_000002e9eb544440 .part v000002e9eb543cc0_0, 5, 1;
L_000002e9eb5449e0 .part v000002e9eb5435e0_0, 5, 1;
L_000002e9eb543900 .part L_000002e9eb54a8d0, 4, 1;
L_000002e9eb545020 .part v000002e9eb543cc0_0, 6, 1;
L_000002e9eb544580 .part v000002e9eb5435e0_0, 6, 1;
L_000002e9eb544a80 .part L_000002e9eb54a8d0, 5, 1;
L_000002e9eb544b20 .part v000002e9eb543cc0_0, 7, 1;
L_000002e9eb544bc0 .part v000002e9eb5435e0_0, 7, 1;
L_000002e9eb544c60 .part L_000002e9eb54a8d0, 6, 1;
LS_000002e9eb54b870_0_0 .concat8 [ 1 1 1 1], L_000002e9eb4de7d0, L_000002e9eb5c8d20, L_000002e9eb5c8770, L_000002e9eb5c8cb0;
LS_000002e9eb54b870_0_4 .concat8 [ 1 1 1 1], L_000002e9eb5c8f50, L_000002e9eb549610, L_000002e9eb5490d0, L_000002e9eb548a40;
L_000002e9eb54b870 .concat8 [ 4 4 0 0], LS_000002e9eb54b870_0_0, LS_000002e9eb54b870_0_4;
LS_000002e9eb54a8d0_0_0 .concat8 [ 1 1 1 1], L_000002e9eb4de5a0, L_000002e9eb5c8930, L_000002e9eb5c88c0, L_000002e9eb5c8e70;
LS_000002e9eb54a8d0_0_4 .concat8 [ 1 1 1 1], L_000002e9eb549140, L_000002e9eb549220, L_000002e9eb549450, L_000002e9eb548c70;
L_000002e9eb54a8d0 .concat8 [ 4 4 0 0], LS_000002e9eb54a8d0_0_0, LS_000002e9eb54a8d0_0_4;
L_000002e9eb54a650 .part L_000002e9eb54a8d0, 7, 1;
S_000002e9eb4c8fb0 .scope module, "subtr0" "one_bit_subtr" 2 16, 2 1 0, S_000002e9eb4eabe0;
 .timescale 0 0;
    .port_info 0 /INPUT 1 "a";
    .port_info 1 /INPUT 1 "b";
    .port_info 2 /INPUT 1 "c_in";
    .port_info 3 /OUTPUT 1 "r";
    .port_info 4 /OUTPUT 1 "c_out";
L_000002e9eb580088 .functor BUFT 1, C4<1>, C4<0>, C4<0>, C4<0>;
L_000002e9eb4ddea0 .functor XOR 1, L_000002e9eb543a40, L_000002e9eb580088, C4<0>, C4<0>;
L_000002e9eb4ddf10 .functor XOR 1, L_000002e9eb545160, L_000002e9eb4ddea0, C4<0>, C4<0>;
L_000002e9eb580160 .functor BUFT 1, C4<1>, C4<0>, C4<0>, C4<0>;
L_000002e9eb4de7d0 .functor XOR 1, L_000002e9eb4ddf10, L_000002e9eb580160, C4<0>, C4<0>;
L_000002e9eb5800d0 .functor BUFT 1, C4<1>, C4<0>, C4<0>, C4<0>;
L_000002e9eb4ddff0 .functor XOR 1, L_000002e9eb543a40, L_000002e9eb5800d0, C4<0>, C4<0>;
L_000002e9eb4de760 .functor AND 1, L_000002e9eb545160, L_000002e9eb4ddff0, C4<1>, C4<1>;
L_000002e9eb580118 .functor BUFT 1, C4<1>, C4<0>, C4<0>, C4<0>;
L_000002e9eb4de140 .functor XOR 1, L_000002e9eb543a40, L_000002e9eb580118, C4<0>, C4<0>;
L_000002e9eb4de290 .functor AND 1, L_000002e9eb4de140, L_000002e9eb580160, C4<1>, C4<1>;
L_000002e9eb4de1b0 .functor OR 1, L_000002e9eb4de760, L_000002e9eb4de290, C4<0>, C4<0>;
L_000002e9eb4de300 .functor AND 1, L_000002e9eb545160, L_000002e9eb580160, C4<1>, C4<1>;
L_000002e9eb4de5a0 .functor OR 1, L_000002e9eb4de1b0, L_000002e9eb4de300, C4<0>, C4<0>;
v000002e9eb4e8170_0 .net/2u *"_ivl_0", 0 0, L_000002e9eb580088;  1 drivers
v000002e9eb4e7db0_0 .net *"_ivl_10", 0 0, L_000002e9eb4ddff0;  1 drivers
v000002e9eb4e7d10_0 .net *"_ivl_12", 0 0, L_000002e9eb4de760;  1 drivers
v000002e9eb4e6550_0 .net/2u *"_ivl_14", 0 0, L_000002e9eb580118;  1 drivers
v000002e9eb4e7a90_0 .net *"_ivl_16", 0 0, L_000002e9eb4de140;  1 drivers
v000002e9eb4e7bd0_0 .net *"_ivl_18", 0 0, L_000002e9eb4de290;  1 drivers
v000002e9eb4e6690_0 .net *"_ivl_2", 0 0, L_000002e9eb4ddea0;  1 drivers
v000002e9eb4e7770_0 .net *"_ivl_20", 0 0, L_000002e9eb4de1b0;  1 drivers
v000002e9eb4e74f0_0 .net *"_ivl_22", 0 0, L_000002e9eb4de300;  1 drivers
v000002e9eb4e6b90_0 .net *"_ivl_4", 0 0, L_000002e9eb4ddf10;  1 drivers
v000002e9eb4e7810_0 .net/2u *"_ivl_8", 0 0, L_000002e9eb5800d0;  1 drivers
v000002e9eb4e7e50_0 .net "a", 0 0, L_000002e9eb545160;  1 drivers
v000002e9eb4e8210_0 .net "b", 0 0, L_000002e9eb543a40;  1 drivers
v000002e9eb4e6910_0 .net "c_in", 0 0, L_000002e9eb580160;  1 drivers
v000002e9eb4e82b0_0 .net "c_out", 0 0, L_000002e9eb4de5a0;  1 drivers
v000002e9eb4e80d0_0 .net "r", 0 0, L_000002e9eb4de7d0;  1 drivers
S_000002e9eb4c9140 .scope module, "subtr1" "one_bit_subtr" 2 17, 2 1 0, S_000002e9eb4eabe0;
 .timescale 0 0;
    .port_info 0 /INPUT 1 "a";
    .port_info 1 /INPUT 1 "b";
    .port_info 2 /INPUT 1 "c_in";
    .port_info 3 /OUTPUT 1 "r";
    .port_info 4 /OUTPUT 1 "c_out";
L_000002e9eb5801a8 .functor BUFT 1, C4<1>, C4<0>, C4<0>, C4<0>;
L_000002e9eb4de610 .functor XOR 1, L_000002e9eb543ea0, L_000002e9eb5801a8, C4<0>, C4<0>;
L_000002e9eb5c8460 .functor XOR 1, L_000002e9eb544ee0, L_000002e9eb4de610, C4<0>, C4<0>;
L_000002e9eb5c8d20 .functor XOR 1, L_000002e9eb5c8460, L_000002e9eb543fe0, C4<0>, C4<0>;
L_000002e9eb5801f0 .functor BUFT 1, C4<1>, C4<0>, C4<0>, C4<0>;
L_000002e9eb5c8380 .functor XOR 1, L_000002e9eb543ea0, L_000002e9eb5801f0, C4<0>, C4<0>;
L_000002e9eb5c8690 .functor AND 1, L_000002e9eb544ee0, L_000002e9eb5c8380, C4<1>, C4<1>;
L_000002e9eb580238 .functor BUFT 1, C4<1>, C4<0>, C4<0>, C4<0>;
L_000002e9eb5c8c40 .functor XOR 1, L_000002e9eb543ea0, L_000002e9eb580238, C4<0>, C4<0>;
L_000002e9eb5c82a0 .functor AND 1, L_000002e9eb5c8c40, L_000002e9eb543fe0, C4<1>, C4<1>;
L_000002e9eb5c8540 .functor OR 1, L_000002e9eb5c8690, L_000002e9eb5c82a0, C4<0>, C4<0>;
L_000002e9eb5c80e0 .functor AND 1, L_000002e9eb544ee0, L_000002e9eb543fe0, C4<1>, C4<1>;
L_000002e9eb5c8930 .functor OR 1, L_000002e9eb5c8540, L_000002e9eb5c80e0, C4<0>, C4<0>;
v000002e9eb4e6730_0 .net/2u *"_ivl_0", 0 0, L_000002e9eb5801a8;  1 drivers
v000002e9eb4e69b0_0 .net *"_ivl_10", 0 0, L_000002e9eb5c8380;  1 drivers
v000002e9eb4e7f90_0 .net *"_ivl_12", 0 0, L_000002e9eb5c8690;  1 drivers
v000002e9eb4e6cd0_0 .net/2u *"_ivl_14", 0 0, L_000002e9eb580238;  1 drivers
v000002e9eb4e6af0_0 .net *"_ivl_16", 0 0, L_000002e9eb5c8c40;  1 drivers
v000002e9eb4e7130_0 .net *"_ivl_18", 0 0, L_000002e9eb5c82a0;  1 drivers
v000002e9eb4e7590_0 .net *"_ivl_2", 0 0, L_000002e9eb4de610;  1 drivers
v000002e9eb4e6870_0 .net *"_ivl_20", 0 0, L_000002e9eb5c8540;  1 drivers
v000002e9eb4e6e10_0 .net *"_ivl_22", 0 0, L_000002e9eb5c80e0;  1 drivers
v000002e9eb4e71d0_0 .net *"_ivl_4", 0 0, L_000002e9eb5c8460;  1 drivers
v000002e9eb4e7ef0_0 .net/2u *"_ivl_8", 0 0, L_000002e9eb5801f0;  1 drivers
v000002e9eb4e6eb0_0 .net "a", 0 0, L_000002e9eb544ee0;  1 drivers
v000002e9eb4e6c30_0 .net "b", 0 0, L_000002e9eb543ea0;  1 drivers
v000002e9eb4e78b0_0 .net "c_in", 0 0, L_000002e9eb543fe0;  1 drivers
v000002e9eb4e6a50_0 .net "c_out", 0 0, L_000002e9eb5c8930;  1 drivers
v000002e9eb4e76d0_0 .net "r", 0 0, L_000002e9eb5c8d20;  1 drivers
S_000002e9eb4c92d0 .scope module, "subtr2" "one_bit_subtr" 2 18, 2 1 0, S_000002e9eb4eabe0;
 .timescale 0 0;
    .port_info 0 /INPUT 1 "a";
    .port_info 1 /INPUT 1 "b";
    .port_info 2 /INPUT 1 "c_in";
    .port_info 3 /OUTPUT 1 "r";
    .port_info 4 /OUTPUT 1 "c_out";
L_000002e9eb580280 .functor BUFT 1, C4<1>, C4<0>, C4<0>, C4<0>;
L_000002e9eb5c87e0 .functor XOR 1, L_000002e9eb545340, L_000002e9eb580280, C4<0>, C4<0>;
L_000002e9eb5c8bd0 .functor XOR 1, L_000002e9eb545480, L_000002e9eb5c87e0, C4<0>, C4<0>;
L_000002e9eb5c8770 .functor XOR 1, L_000002e9eb5c8bd0, L_000002e9eb5448a0, C4<0>, C4<0>;
L_000002e9eb5802c8 .functor BUFT 1, C4<1>, C4<0>, C4<0>, C4<0>;
L_000002e9eb5c8a80 .functor XOR 1, L_000002e9eb545340, L_000002e9eb5802c8, C4<0>, C4<0>;
L_000002e9eb5c8150 .functor AND 1, L_000002e9eb545480, L_000002e9eb5c8a80, C4<1>, C4<1>;
L_000002e9eb580310 .functor BUFT 1, C4<1>, C4<0>, C4<0>, C4<0>;
L_000002e9eb5c8af0 .functor XOR 1, L_000002e9eb545340, L_000002e9eb580310, C4<0>, C4<0>;
L_000002e9eb5c8310 .functor AND 1, L_000002e9eb5c8af0, L_000002e9eb5448a0, C4<1>, C4<1>;
L_000002e9eb5c83f0 .functor OR 1, L_000002e9eb5c8150, L_000002e9eb5c8310, C4<0>, C4<0>;
L_000002e9eb5c8850 .functor AND 1, L_000002e9eb545480, L_000002e9eb5448a0, C4<1>, C4<1>;
L_000002e9eb5c88c0 .functor OR 1, L_000002e9eb5c83f0, L_000002e9eb5c8850, C4<0>, C4<0>;
v000002e9eb4e7950_0 .net/2u *"_ivl_0", 0 0, L_000002e9eb580280;  1 drivers
v000002e9eb4e8030_0 .net *"_ivl_10", 0 0, L_000002e9eb5c8a80;  1 drivers
v000002e9eb4e7b30_0 .net *"_ivl_12", 0 0, L_000002e9eb5c8150;  1 drivers
v000002e9eb4e6d70_0 .net/2u *"_ivl_14", 0 0, L_000002e9eb580310;  1 drivers
v000002e9eb4e79f0_0 .net *"_ivl_16", 0 0, L_000002e9eb5c8af0;  1 drivers
v000002e9eb4e7c70_0 .net *"_ivl_18", 0 0, L_000002e9eb5c8310;  1 drivers
v000002e9eb4e8350_0 .net *"_ivl_2", 0 0, L_000002e9eb5c87e0;  1 drivers
v000002e9eb4e6f50_0 .net *"_ivl_20", 0 0, L_000002e9eb5c83f0;  1 drivers
v000002e9eb4e83f0_0 .net *"_ivl_22", 0 0, L_000002e9eb5c8850;  1 drivers
v000002e9eb4e67d0_0 .net *"_ivl_4", 0 0, L_000002e9eb5c8bd0;  1 drivers
v000002e9eb4e7310_0 .net/2u *"_ivl_8", 0 0, L_000002e9eb5802c8;  1 drivers
v000002e9eb4e6ff0_0 .net "a", 0 0, L_000002e9eb545480;  1 drivers
v000002e9eb4e7090_0 .net "b", 0 0, L_000002e9eb545340;  1 drivers
v000002e9eb4e7270_0 .net "c_in", 0 0, L_000002e9eb5448a0;  1 drivers
v000002e9eb4cea30_0 .net "c_out", 0 0, L_000002e9eb5c88c0;  1 drivers
v000002e9eb4cd270_0 .net "r", 0 0, L_000002e9eb5c8770;  1 drivers
S_000002e9eb476b10 .scope module, "subtr3" "one_bit_subtr" 2 19, 2 1 0, S_000002e9eb4eabe0;
 .timescale 0 0;
    .port_info 0 /INPUT 1 "a";
    .port_info 1 /INPUT 1 "b";
    .port_info 2 /INPUT 1 "c_in";
    .port_info 3 /OUTPUT 1 "r";
    .port_info 4 /OUTPUT 1 "c_out";
L_000002e9eb580358 .functor BUFT 1, C4<1>, C4<0>, C4<0>, C4<0>;
L_000002e9eb5c89a0 .functor XOR 1, L_000002e9eb543b80, L_000002e9eb580358, C4<0>, C4<0>;
L_000002e9eb5c81c0 .functor XOR 1, L_000002e9eb544940, L_000002e9eb5c89a0, C4<0>, C4<0>;
L_000002e9eb5c8cb0 .functor XOR 1, L_000002e9eb5c81c0, L_000002e9eb543e00, C4<0>, C4<0>;
L_000002e9eb5803a0 .functor BUFT 1, C4<1>, C4<0>, C4<0>, C4<0>;
L_000002e9eb5c85b0 .functor XOR 1, L_000002e9eb543b80, L_000002e9eb5803a0, C4<0>, C4<0>;
L_000002e9eb5c8d90 .functor AND 1, L_000002e9eb544940, L_000002e9eb5c85b0, C4<1>, C4<1>;
L_000002e9eb5803e8 .functor BUFT 1, C4<1>, C4<0>, C4<0>, C4<0>;
L_000002e9eb5c8620 .functor XOR 1, L_000002e9eb543b80, L_000002e9eb5803e8, C4<0>, C4<0>;
L_000002e9eb5c8fc0 .functor AND 1, L_000002e9eb5c8620, L_000002e9eb543e00, C4<1>, C4<1>;
L_000002e9eb5c8e00 .functor OR 1, L_000002e9eb5c8d90, L_000002e9eb5c8fc0, C4<0>, C4<0>;
L_000002e9eb5c84d0 .functor AND 1, L_000002e9eb544940, L_000002e9eb543e00, C4<1>, C4<1>;
L_000002e9eb5c8e70 .functor OR 1, L_000002e9eb5c8e00, L_000002e9eb5c84d0, C4<0>, C4<0>;
v000002e9eb4cdb30_0 .net/2u *"_ivl_0", 0 0, L_000002e9eb580358;  1 drivers
v000002e9eb4cdd10_0 .net *"_ivl_10", 0 0, L_000002e9eb5c85b0;  1 drivers
v000002e9eb4cde50_0 .net *"_ivl_12", 0 0, L_000002e9eb5c8d90;  1 drivers
v000002e9eb4db710_0 .net/2u *"_ivl_14", 0 0, L_000002e9eb5803e8;  1 drivers
v000002e9eb4dbe90_0 .net *"_ivl_16", 0 0, L_000002e9eb5c8620;  1 drivers
v000002e9eb4db7b0_0 .net *"_ivl_18", 0 0, L_000002e9eb5c8fc0;  1 drivers
v000002e9eb4db8f0_0 .net *"_ivl_2", 0 0, L_000002e9eb5c89a0;  1 drivers
v000002e9eb4dc430_0 .net *"_ivl_20", 0 0, L_000002e9eb5c8e00;  1 drivers
v000002e9eb4bc920_0 .net *"_ivl_22", 0 0, L_000002e9eb5c84d0;  1 drivers
v000002e9eb4bcce0_0 .net *"_ivl_4", 0 0, L_000002e9eb5c81c0;  1 drivers
v000002e9eb4bd0a0_0 .net/2u *"_ivl_8", 0 0, L_000002e9eb5803a0;  1 drivers
v000002e9eb4bd1e0_0 .net "a", 0 0, L_000002e9eb544940;  1 drivers
v000002e9eb541440_0 .net "b", 0 0, L_000002e9eb543b80;  1 drivers
v000002e9eb542e80_0 .net "c_in", 0 0, L_000002e9eb543e00;  1 drivers
v000002e9eb541b20_0 .net "c_out", 0 0, L_000002e9eb5c8e70;  1 drivers
v000002e9eb5414e0_0 .net "r", 0 0, L_000002e9eb5c8cb0;  1 drivers
S_000002e9eb476ca0 .scope module, "subtr4" "one_bit_subtr" 2 20, 2 1 0, S_000002e9eb4eabe0;
 .timescale 0 0;
    .port_info 0 /INPUT 1 "a";
    .port_info 1 /INPUT 1 "b";
    .port_info 2 /INPUT 1 "c_in";
    .port_info 3 /OUTPUT 1 "r";
    .port_info 4 /OUTPUT 1 "c_out";
L_000002e9eb580430 .functor BUFT 1, C4<1>, C4<0>, C4<0>, C4<0>;
L_000002e9eb5c8700 .functor XOR 1, L_000002e9eb5437c0, L_000002e9eb580430, C4<0>, C4<0>;
L_000002e9eb5c8ee0 .functor XOR 1, L_000002e9eb544120, L_000002e9eb5c8700, C4<0>, C4<0>;
L_000002e9eb5c8f50 .functor XOR 1, L_000002e9eb5c8ee0, L_000002e9eb5453e0, C4<0>, C4<0>;
L_000002e9eb580478 .functor BUFT 1, C4<1>, C4<0>, C4<0>, C4<0>;
L_000002e9eb5c8a10 .functor XOR 1, L_000002e9eb5437c0, L_000002e9eb580478, C4<0>, C4<0>;
L_000002e9eb5c8b60 .functor AND 1, L_000002e9eb544120, L_000002e9eb5c8a10, C4<1>, C4<1>;
L_000002e9eb5804c0 .functor BUFT 1, C4<1>, C4<0>, C4<0>, C4<0>;
L_000002e9eb5c8230 .functor XOR 1, L_000002e9eb5437c0, L_000002e9eb5804c0, C4<0>, C4<0>;
L_000002e9eb548ce0 .functor AND 1, L_000002e9eb5c8230, L_000002e9eb5453e0, C4<1>, C4<1>;
L_000002e9eb549300 .functor OR 1, L_000002e9eb5c8b60, L_000002e9eb548ce0, C4<0>, C4<0>;
L_000002e9eb548d50 .functor AND 1, L_000002e9eb544120, L_000002e9eb5453e0, C4<1>, C4<1>;
L_000002e9eb549140 .functor OR 1, L_000002e9eb549300, L_000002e9eb548d50, C4<0>, C4<0>;
v000002e9eb541ee0_0 .net/2u *"_ivl_0", 0 0, L_000002e9eb580430;  1 drivers
v000002e9eb541580_0 .net *"_ivl_10", 0 0, L_000002e9eb5c8a10;  1 drivers
v000002e9eb542660_0 .net *"_ivl_12", 0 0, L_000002e9eb5c8b60;  1 drivers
v000002e9eb542c00_0 .net/2u *"_ivl_14", 0 0, L_000002e9eb5804c0;  1 drivers
v000002e9eb542020_0 .net *"_ivl_16", 0 0, L_000002e9eb5c8230;  1 drivers
v000002e9eb542a20_0 .net *"_ivl_18", 0 0, L_000002e9eb548ce0;  1 drivers
v000002e9eb542340_0 .net *"_ivl_2", 0 0, L_000002e9eb5c8700;  1 drivers
v000002e9eb542200_0 .net *"_ivl_20", 0 0, L_000002e9eb549300;  1 drivers
v000002e9eb5418a0_0 .net *"_ivl_22", 0 0, L_000002e9eb548d50;  1 drivers
v000002e9eb541c60_0 .net *"_ivl_4", 0 0, L_000002e9eb5c8ee0;  1 drivers
v000002e9eb542d40_0 .net/2u *"_ivl_8", 0 0, L_000002e9eb580478;  1 drivers
v000002e9eb541620_0 .net "a", 0 0, L_000002e9eb544120;  1 drivers
v000002e9eb542de0_0 .net "b", 0 0, L_000002e9eb5437c0;  1 drivers
v000002e9eb542980_0 .net "c_in", 0 0, L_000002e9eb5453e0;  1 drivers
v000002e9eb543240_0 .net "c_out", 0 0, L_000002e9eb549140;  1 drivers
v000002e9eb542ca0_0 .net "r", 0 0, L_000002e9eb5c8f50;  1 drivers
S_000002e9eb476e30 .scope module, "subtr5" "one_bit_subtr" 2 21, 2 1 0, S_000002e9eb4eabe0;
 .timescale 0 0;
    .port_info 0 /INPUT 1 "a";
    .port_info 1 /INPUT 1 "b";
    .port_info 2 /INPUT 1 "c_in";
    .port_info 3 /OUTPUT 1 "r";
    .port_info 4 /OUTPUT 1 "c_out";
L_000002e9eb580508 .functor BUFT 1, C4<1>, C4<0>, C4<0>, C4<0>;
L_000002e9eb5487a0 .functor XOR 1, L_000002e9eb5449e0, L_000002e9eb580508, C4<0>, C4<0>;
L_000002e9eb548ff0 .functor XOR 1, L_000002e9eb544440, L_000002e9eb5487a0, C4<0>, C4<0>;
L_000002e9eb549610 .functor XOR 1, L_000002e9eb548ff0, L_000002e9eb543900, C4<0>, C4<0>;
L_000002e9eb580550 .functor BUFT 1, C4<1>, C4<0>, C4<0>, C4<0>;
L_000002e9eb548880 .functor XOR 1, L_000002e9eb5449e0, L_000002e9eb580550, C4<0>, C4<0>;
L_000002e9eb548810 .functor AND 1, L_000002e9eb544440, L_000002e9eb548880, C4<1>, C4<1>;
L_000002e9eb580598 .functor BUFT 1, C4<1>, C4<0>, C4<0>, C4<0>;
L_000002e9eb5491b0 .functor XOR 1, L_000002e9eb5449e0, L_000002e9eb580598, C4<0>, C4<0>;
L_000002e9eb549370 .functor AND 1, L_000002e9eb5491b0, L_000002e9eb543900, C4<1>, C4<1>;
L_000002e9eb548ea0 .functor OR 1, L_000002e9eb548810, L_000002e9eb549370, C4<0>, C4<0>;
L_000002e9eb549060 .functor AND 1, L_000002e9eb544440, L_000002e9eb543900, C4<1>, C4<1>;
L_000002e9eb549220 .functor OR 1, L_000002e9eb548ea0, L_000002e9eb549060, C4<0>, C4<0>;
v000002e9eb542ac0_0 .net/2u *"_ivl_0", 0 0, L_000002e9eb580508;  1 drivers
v000002e9eb541bc0_0 .net *"_ivl_10", 0 0, L_000002e9eb548880;  1 drivers
v000002e9eb542520_0 .net *"_ivl_12", 0 0, L_000002e9eb548810;  1 drivers
v000002e9eb541940_0 .net/2u *"_ivl_14", 0 0, L_000002e9eb580598;  1 drivers
v000002e9eb543100_0 .net *"_ivl_16", 0 0, L_000002e9eb5491b0;  1 drivers
v000002e9eb542f20_0 .net *"_ivl_18", 0 0, L_000002e9eb549370;  1 drivers
v000002e9eb5422a0_0 .net *"_ivl_2", 0 0, L_000002e9eb5487a0;  1 drivers
v000002e9eb5425c0_0 .net *"_ivl_20", 0 0, L_000002e9eb548ea0;  1 drivers
v000002e9eb5416c0_0 .net *"_ivl_22", 0 0, L_000002e9eb549060;  1 drivers
v000002e9eb5431a0_0 .net *"_ivl_4", 0 0, L_000002e9eb548ff0;  1 drivers
v000002e9eb541760_0 .net/2u *"_ivl_8", 0 0, L_000002e9eb580550;  1 drivers
v000002e9eb542700_0 .net "a", 0 0, L_000002e9eb544440;  1 drivers
v000002e9eb541d00_0 .net "b", 0 0, L_000002e9eb5449e0;  1 drivers
v000002e9eb5420c0_0 .net "c_in", 0 0, L_000002e9eb543900;  1 drivers
v000002e9eb541e40_0 .net "c_out", 0 0, L_000002e9eb549220;  1 drivers
v000002e9eb5423e0_0 .net "r", 0 0, L_000002e9eb549610;  1 drivers
S_000002e9eb543400 .scope module, "subtr6" "one_bit_subtr" 2 22, 2 1 0, S_000002e9eb4eabe0;
 .timescale 0 0;
    .port_info 0 /INPUT 1 "a";
    .port_info 1 /INPUT 1 "b";
    .port_info 2 /INPUT 1 "c_in";
    .port_info 3 /OUTPUT 1 "r";
    .port_info 4 /OUTPUT 1 "c_out";
L_000002e9eb5805e0 .functor BUFT 1, C4<1>, C4<0>, C4<0>, C4<0>;
L_000002e9eb548f80 .functor XOR 1, L_000002e9eb544580, L_000002e9eb5805e0, C4<0>, C4<0>;
L_000002e9eb5494c0 .functor XOR 1, L_000002e9eb545020, L_000002e9eb548f80, C4<0>, C4<0>;
L_000002e9eb5490d0 .functor XOR 1, L_000002e9eb5494c0, L_000002e9eb544a80, C4<0>, C4<0>;
L_000002e9eb580628 .functor BUFT 1, C4<1>, C4<0>, C4<0>, C4<0>;
L_000002e9eb5495a0 .functor XOR 1, L_000002e9eb544580, L_000002e9eb580628, C4<0>, C4<0>;
L_000002e9eb549290 .functor AND 1, L_000002e9eb545020, L_000002e9eb5495a0, C4<1>, C4<1>;
L_000002e9eb580670 .functor BUFT 1, C4<1>, C4<0>, C4<0>, C4<0>;
L_000002e9eb548960 .functor XOR 1, L_000002e9eb544580, L_000002e9eb580670, C4<0>, C4<0>;
L_000002e9eb5489d0 .functor AND 1, L_000002e9eb548960, L_000002e9eb544a80, C4<1>, C4<1>;
L_000002e9eb548b90 .functor OR 1, L_000002e9eb549290, L_000002e9eb5489d0, C4<0>, C4<0>;
L_000002e9eb549530 .functor AND 1, L_000002e9eb545020, L_000002e9eb544a80, C4<1>, C4<1>;
L_000002e9eb549450 .functor OR 1, L_000002e9eb548b90, L_000002e9eb549530, C4<0>, C4<0>;
v000002e9eb541800_0 .net/2u *"_ivl_0", 0 0, L_000002e9eb5805e0;  1 drivers
v000002e9eb5432e0_0 .net *"_ivl_10", 0 0, L_000002e9eb5495a0;  1 drivers
v000002e9eb542480_0 .net *"_ivl_12", 0 0, L_000002e9eb549290;  1 drivers
v000002e9eb5419e0_0 .net/2u *"_ivl_14", 0 0, L_000002e9eb580670;  1 drivers
v000002e9eb5427a0_0 .net *"_ivl_16", 0 0, L_000002e9eb548960;  1 drivers
v000002e9eb542840_0 .net *"_ivl_18", 0 0, L_000002e9eb5489d0;  1 drivers
v000002e9eb542fc0_0 .net *"_ivl_2", 0 0, L_000002e9eb548f80;  1 drivers
v000002e9eb541a80_0 .net *"_ivl_20", 0 0, L_000002e9eb548b90;  1 drivers
v000002e9eb541da0_0 .net *"_ivl_22", 0 0, L_000002e9eb549530;  1 drivers
v000002e9eb543060_0 .net *"_ivl_4", 0 0, L_000002e9eb5494c0;  1 drivers
v000002e9eb5428e0_0 .net/2u *"_ivl_8", 0 0, L_000002e9eb580628;  1 drivers
v000002e9eb541f80_0 .net "a", 0 0, L_000002e9eb545020;  1 drivers
v000002e9eb542160_0 .net "b", 0 0, L_000002e9eb544580;  1 drivers
v000002e9eb542b60_0 .net "c_in", 0 0, L_000002e9eb544a80;  1 drivers
v000002e9eb5452a0_0 .net "c_out", 0 0, L_000002e9eb549450;  1 drivers
v000002e9eb5446c0_0 .net "r", 0 0, L_000002e9eb5490d0;  1 drivers
S_000002e9eb5455a0 .scope module, "subtr7" "one_bit_subtr" 2 23, 2 1 0, S_000002e9eb4eabe0;
 .timescale 0 0;
    .port_info 0 /INPUT 1 "a";
    .port_info 1 /INPUT 1 "b";
    .port_info 2 /INPUT 1 "c_in";
    .port_info 3 /OUTPUT 1 "r";
    .port_info 4 /OUTPUT 1 "c_out";
L_000002e9eb5806b8 .functor BUFT 1, C4<1>, C4<0>, C4<0>, C4<0>;
L_000002e9eb549680 .functor XOR 1, L_000002e9eb544bc0, L_000002e9eb5806b8, C4<0>, C4<0>;
L_000002e9eb5493e0 .functor XOR 1, L_000002e9eb544b20, L_000002e9eb549680, C4<0>, C4<0>;
L_000002e9eb548a40 .functor XOR 1, L_000002e9eb5493e0, L_000002e9eb544c60, C4<0>, C4<0>;
L_000002e9eb580700 .functor BUFT 1, C4<1>, C4<0>, C4<0>, C4<0>;
L_000002e9eb548dc0 .functor XOR 1, L_000002e9eb544bc0, L_000002e9eb580700, C4<0>, C4<0>;
L_000002e9eb5488f0 .functor AND 1, L_000002e9eb544b20, L_000002e9eb548dc0, C4<1>, C4<1>;
L_000002e9eb580748 .functor BUFT 1, C4<1>, C4<0>, C4<0>, C4<0>;
L_000002e9eb548b20 .functor XOR 1, L_000002e9eb544bc0, L_000002e9eb580748, C4<0>, C4<0>;
L_000002e9eb548e30 .functor AND 1, L_000002e9eb548b20, L_000002e9eb544c60, C4<1>, C4<1>;
L_000002e9eb548ab0 .functor OR 1, L_000002e9eb5488f0, L_000002e9eb548e30, C4<0>, C4<0>;
L_000002e9eb548c00 .functor AND 1, L_000002e9eb544b20, L_000002e9eb544c60, C4<1>, C4<1>;
L_000002e9eb548c70 .functor OR 1, L_000002e9eb548ab0, L_000002e9eb548c00, C4<0>, C4<0>;
v000002e9eb543f40_0 .net/2u *"_ivl_0", 0 0, L_000002e9eb5806b8;  1 drivers
v000002e9eb543720_0 .net *"_ivl_10", 0 0, L_000002e9eb548dc0;  1 drivers
v000002e9eb5441c0_0 .net *"_ivl_12", 0 0, L_000002e9eb5488f0;  1 drivers
v000002e9eb5450c0_0 .net/2u *"_ivl_14", 0 0, L_000002e9eb580748;  1 drivers
v000002e9eb543c20_0 .net *"_ivl_16", 0 0, L_000002e9eb548b20;  1 drivers
v000002e9eb544f80_0 .net *"_ivl_18", 0 0, L_000002e9eb548e30;  1 drivers
v000002e9eb544d00_0 .net *"_ivl_2", 0 0, L_000002e9eb549680;  1 drivers
v000002e9eb544620_0 .net *"_ivl_20", 0 0, L_000002e9eb548ab0;  1 drivers
v000002e9eb544e40_0 .net *"_ivl_22", 0 0, L_000002e9eb548c00;  1 drivers
v000002e9eb544260_0 .net *"_ivl_4", 0 0, L_000002e9eb5493e0;  1 drivers
v000002e9eb544080_0 .net/2u *"_ivl_8", 0 0, L_000002e9eb580700;  1 drivers
v000002e9eb543d60_0 .net "a", 0 0, L_000002e9eb544b20;  1 drivers
v000002e9eb544760_0 .net "b", 0 0, L_000002e9eb544bc0;  1 drivers
v000002e9eb545200_0 .net "c_in", 0 0, L_000002e9eb544c60;  1 drivers
v000002e9eb5439a0_0 .net "c_out", 0 0, L_000002e9eb548c70;  1 drivers
v000002e9eb5443a0_0 .net "r", 0 0, L_000002e9eb548a40;  1 drivers
    .scope S_000002e9eb4eaa50;
T_0 ;
    %pushi/vec4 0, 0, 8;
    %store/vec4 v000002e9eb543cc0_0, 0, 8;
    %pushi/vec4 0, 0, 8;
    %store/vec4 v000002e9eb5435e0_0, 0, 8;
    %delay 2, 0;
    %vpi_call 2 41 "$monitor", "a = %d, B = %d, R = %d, Carry = %d", v000002e9eb543cc0_0, v000002e9eb5435e0_0, v000002e9eb543860_0, v000002e9eb5444e0_0 {0 0 0};
    %pushi/vec4 15, 0, 32;
T_0.0 %dup/vec4;
    %pushi/vec4 0, 0, 32;
    %cmp/s;
    %jmp/1xz T_0.1, 5;
    %jmp/1 T_0.1, 4;
    %pushi/vec4 1, 0, 32;
    %sub;
    %vpi_func 2 44 "$random" 32 {0 0 0};
    %pad/s 8;
    %store/vec4 v000002e9eb543cc0_0, 0, 8;
    %vpi_func 2 45 "$random" 32 {0 0 0};
    %pad/s 8;
    %store/vec4 v000002e9eb5435e0_0, 0, 8;
    %delay 15, 0;
    %jmp T_0.0;
T_0.1 ;
    %pop/vec4 1;
    %end;
    .thread T_0;
# The file index is used to find the file name in the following table.
:file_names 3;
    "N/A";
    "<interactive>";
    "subtractor.v";
