#! /c/Source/iverilog-install/bin/vvp
:ivl_version "12.0 (devel)" "(s20150603-1110-g18392a46)";
:ivl_delay_selection "TYPICAL";
:vpi_time_precision + 0;
:vpi_module "C:\iverilog\lib\ivl\system.vpi";
:vpi_module "C:\iverilog\lib\ivl\vhdl_sys.vpi";
:vpi_module "C:\iverilog\lib\ivl\vhdl_textio.vpi";
:vpi_module "C:\iverilog\lib\ivl\v2005_math.vpi";
:vpi_module "C:\iverilog\lib\ivl\va_math.vpi";
S_000001ade1825dc0 .scope module, "eight_bit_adder" "eight_bit_adder" 2 10;
 .timescale 0 0;
    .port_info 0 /INPUT 8 "a";
    .port_info 1 /INPUT 8 "b";
    .port_info 2 /OUTPUT 8 "r";
    .port_info 3 /OUTPUT 1 "c_out";
o000001ade183b628 .functor BUFZ 8, C4<zzzzzzzz>; HiZ drive
v000001ade1891dc0_0 .net "a", 7 0, o000001ade183b628;  0 drivers
o000001ade183b658 .functor BUFZ 8, C4<zzzzzzzz>; HiZ drive
v000001ade18936c0_0 .net "b", 7 0, o000001ade183b658;  0 drivers
v000001ade1892720_0 .net "c", 7 0, L_000001ade18e34f0;  1 drivers
v000001ade1892c20_0 .net "c_out", 0 0, L_000001ade18e24b0;  1 drivers
v000001ade18933a0_0 .net "r", 7 0, L_000001ade18e3630;  1 drivers
L_000001ade1891b40 .part o000001ade183b628, 0, 1;
L_000001ade18934e0 .part o000001ade183b658, 0, 1;
L_000001ade1892400 .part o000001ade183b628, 1, 1;
L_000001ade1892a40 .part o000001ade183b658, 1, 1;
L_000001ade1891e60 .part L_000001ade18e34f0, 0, 1;
L_000001ade18924a0 .part o000001ade183b628, 2, 1;
L_000001ade1892cc0 .part o000001ade183b658, 2, 1;
L_000001ade1892540 .part L_000001ade18e34f0, 1, 1;
L_000001ade1892ae0 .part o000001ade183b628, 3, 1;
L_000001ade1892ea0 .part o000001ade183b658, 3, 1;
L_000001ade1891be0 .part L_000001ade18e34f0, 2, 1;
L_000001ade1892040 .part o000001ade183b628, 4, 1;
L_000001ade18918c0 .part o000001ade183b658, 4, 1;
L_000001ade1893580 .part L_000001ade18e34f0, 3, 1;
L_000001ade1892f40 .part o000001ade183b628, 5, 1;
L_000001ade1891c80 .part o000001ade183b658, 5, 1;
L_000001ade1893620 .part L_000001ade18e34f0, 4, 1;
L_000001ade1891a00 .part o000001ade183b628, 6, 1;
L_000001ade1891d20 .part o000001ade183b658, 6, 1;
L_000001ade1891aa0 .part L_000001ade18e34f0, 5, 1;
L_000001ade18920e0 .part o000001ade183b628, 7, 1;
L_000001ade18e3270 .part o000001ade183b658, 7, 1;
L_000001ade18e3e50 .part L_000001ade18e34f0, 6, 1;
LS_000001ade18e3630_0_0 .concat8 [ 1 1 1 1], L_000001ade182e6f0, L_000001ade182e300, L_000001ade18dc7d0, L_000001ade18dc3e0;
LS_000001ade18e3630_0_4 .concat8 [ 1 1 1 1], L_000001ade18dc990, L_000001ade18dc680, L_000001ade18dc1b0, L_000001ade18e06f0;
L_000001ade18e3630 .concat8 [ 4 4 0 0], LS_000001ade18e3630_0_0, LS_000001ade18e3630_0_4;
LS_000001ade18e34f0_0_0 .concat8 [ 1 1 1 1], L_000001ade182ebc0, L_000001ade18dc8b0, L_000001ade18dc5a0, L_000001ade18dc060;
LS_000001ade18e34f0_0_4 .concat8 [ 1 1 1 1], L_000001ade18dbe30, L_000001ade18dc140, L_000001ade18e07d0, L_000001ade18e01b0;
L_000001ade18e34f0 .concat8 [ 4 4 0 0], LS_000001ade18e34f0_0_0, LS_000001ade18e34f0_0_4;
L_000001ade18e24b0 .part L_000001ade18e34f0, 7, 1;
S_000001ade1825f50 .scope module, "adder0" "one_bit_adder" 2 17, 2 1 0, S_000001ade1825dc0;
 .timescale 0 0;
    .port_info 0 /INPUT 1 "a";
    .port_info 1 /INPUT 1 "b";
    .port_info 2 /INPUT 1 "c_in";
    .port_info 3 /OUTPUT 1 "r";
    .port_info 4 /OUTPUT 1 "c_out";
L_000001ade182e220 .functor XOR 1, L_000001ade1891b40, L_000001ade18934e0, C4<0>, C4<0>;
L_000001ade1893ba8 .functor BUFT 1, C4<0>, C4<0>, C4<0>, C4<0>;
L_000001ade182e6f0 .functor XOR 1, L_000001ade182e220, L_000001ade1893ba8, C4<0>, C4<0>;
L_000001ade182eae0 .functor AND 1, L_000001ade1891b40, L_000001ade18934e0, C4<1>, C4<1>;
L_000001ade182e0d0 .functor AND 1, L_000001ade18934e0, L_000001ade1893ba8, C4<1>, C4<1>;
L_000001ade182eb50 .functor OR 1, L_000001ade182eae0, L_000001ade182e0d0, C4<0>, C4<0>;
L_000001ade182e450 .functor AND 1, L_000001ade1891b40, L_000001ade1893ba8, C4<1>, C4<1>;
L_000001ade182ebc0 .functor OR 1, L_000001ade182eb50, L_000001ade182e450, C4<0>, C4<0>;
v000001ade1837c70_0 .net *"_ivl_0", 0 0, L_000001ade182e220;  1 drivers
v000001ade18387b0_0 .net *"_ivl_10", 0 0, L_000001ade182e450;  1 drivers
v000001ade1837a90_0 .net *"_ivl_4", 0 0, L_000001ade182eae0;  1 drivers
v000001ade1838710_0 .net *"_ivl_6", 0 0, L_000001ade182e0d0;  1 drivers
v000001ade18379f0_0 .net *"_ivl_8", 0 0, L_000001ade182eb50;  1 drivers
v000001ade18383f0_0 .net "a", 0 0, L_000001ade1891b40;  1 drivers
v000001ade1838490_0 .net "b", 0 0, L_000001ade18934e0;  1 drivers
v000001ade1838530_0 .net "c_in", 0 0, L_000001ade1893ba8;  1 drivers
v000001ade1836ff0_0 .net "c_out", 0 0, L_000001ade182ebc0;  1 drivers
v000001ade18385d0_0 .net "r", 0 0, L_000001ade182e6f0;  1 drivers
S_000001ade18910a0 .scope module, "adder1" "one_bit_adder" 2 18, 2 1 0, S_000001ade1825dc0;
 .timescale 0 0;
    .port_info 0 /INPUT 1 "a";
    .port_info 1 /INPUT 1 "b";
    .port_info 2 /INPUT 1 "c_in";
    .port_info 3 /OUTPUT 1 "r";
    .port_info 4 /OUTPUT 1 "c_out";
L_000001ade182e290 .functor XOR 1, L_000001ade1892400, L_000001ade1892a40, C4<0>, C4<0>;
L_000001ade182e300 .functor XOR 1, L_000001ade182e290, L_000001ade1891e60, C4<0>, C4<0>;
L_000001ade182ec30 .functor AND 1, L_000001ade1892400, L_000001ade1892a40, C4<1>, C4<1>;
L_000001ade18dc760 .functor AND 1, L_000001ade1892a40, L_000001ade1891e60, C4<1>, C4<1>;
L_000001ade18dbf10 .functor OR 1, L_000001ade182ec30, L_000001ade18dc760, C4<0>, C4<0>;
L_000001ade18dc290 .functor AND 1, L_000001ade1892400, L_000001ade1891e60, C4<1>, C4<1>;
L_000001ade18dc8b0 .functor OR 1, L_000001ade18dbf10, L_000001ade18dc290, C4<0>, C4<0>;
v000001ade1838850_0 .net *"_ivl_0", 0 0, L_000001ade182e290;  1 drivers
v000001ade1838670_0 .net *"_ivl_10", 0 0, L_000001ade18dc290;  1 drivers
v000001ade1837450_0 .net *"_ivl_4", 0 0, L_000001ade182ec30;  1 drivers
v000001ade1837310_0 .net *"_ivl_6", 0 0, L_000001ade18dc760;  1 drivers
v000001ade18378b0_0 .net *"_ivl_8", 0 0, L_000001ade18dbf10;  1 drivers
v000001ade18388f0_0 .net "a", 0 0, L_000001ade1892400;  1 drivers
v000001ade18373b0_0 .net "b", 0 0, L_000001ade1892a40;  1 drivers
v000001ade1837090_0 .net "c_in", 0 0, L_000001ade1891e60;  1 drivers
v000001ade1838a30_0 .net "c_out", 0 0, L_000001ade18dc8b0;  1 drivers
v000001ade1838ad0_0 .net "r", 0 0, L_000001ade182e300;  1 drivers
S_000001ade1891230 .scope module, "adder2" "one_bit_adder" 2 19, 2 1 0, S_000001ade1825dc0;
 .timescale 0 0;
    .port_info 0 /INPUT 1 "a";
    .port_info 1 /INPUT 1 "b";
    .port_info 2 /INPUT 1 "c_in";
    .port_info 3 /OUTPUT 1 "r";
    .port_info 4 /OUTPUT 1 "c_out";
L_000001ade18dbf80 .functor XOR 1, L_000001ade18924a0, L_000001ade1892cc0, C4<0>, C4<0>;
L_000001ade18dc7d0 .functor XOR 1, L_000001ade18dbf80, L_000001ade1892540, C4<0>, C4<0>;
L_000001ade18dbdc0 .functor AND 1, L_000001ade18924a0, L_000001ade1892cc0, C4<1>, C4<1>;
L_000001ade18dc220 .functor AND 1, L_000001ade1892cc0, L_000001ade1892540, C4<1>, C4<1>;
L_000001ade18dbff0 .functor OR 1, L_000001ade18dbdc0, L_000001ade18dc220, C4<0>, C4<0>;
L_000001ade18dbd50 .functor AND 1, L_000001ade18924a0, L_000001ade1892540, C4<1>, C4<1>;
L_000001ade18dc5a0 .functor OR 1, L_000001ade18dbff0, L_000001ade18dbd50, C4<0>, C4<0>;
v000001ade1838b70_0 .net *"_ivl_0", 0 0, L_000001ade18dbf80;  1 drivers
v000001ade1838c10_0 .net *"_ivl_10", 0 0, L_000001ade18dbd50;  1 drivers
v000001ade1836e10_0 .net *"_ivl_4", 0 0, L_000001ade18dbdc0;  1 drivers
v000001ade1837950_0 .net *"_ivl_6", 0 0, L_000001ade18dc220;  1 drivers
v000001ade18382b0_0 .net *"_ivl_8", 0 0, L_000001ade18dbff0;  1 drivers
v000001ade1836eb0_0 .net "a", 0 0, L_000001ade18924a0;  1 drivers
v000001ade1836f50_0 .net "b", 0 0, L_000001ade1892cc0;  1 drivers
v000001ade1837630_0 .net "c_in", 0 0, L_000001ade1892540;  1 drivers
v000001ade18374f0_0 .net "c_out", 0 0, L_000001ade18dc5a0;  1 drivers
v000001ade1837f90_0 .net "r", 0 0, L_000001ade18dc7d0;  1 drivers
S_000001ade18913c0 .scope module, "adder3" "one_bit_adder" 2 20, 2 1 0, S_000001ade1825dc0;
 .timescale 0 0;
    .port_info 0 /INPUT 1 "a";
    .port_info 1 /INPUT 1 "b";
    .port_info 2 /INPUT 1 "c_in";
    .port_info 3 /OUTPUT 1 "r";
    .port_info 4 /OUTPUT 1 "c_out";
L_000001ade18dc840 .functor XOR 1, L_000001ade1892ae0, L_000001ade1892ea0, C4<0>, C4<0>;
L_000001ade18dc3e0 .functor XOR 1, L_000001ade18dc840, L_000001ade1891be0, C4<0>, C4<0>;
L_000001ade18dc920 .functor AND 1, L_000001ade1892ae0, L_000001ade1892ea0, C4<1>, C4<1>;
L_000001ade18dc450 .functor AND 1, L_000001ade1892ea0, L_000001ade1891be0, C4<1>, C4<1>;
L_000001ade18dc300 .functor OR 1, L_000001ade18dc920, L_000001ade18dc450, C4<0>, C4<0>;
L_000001ade18dbce0 .functor AND 1, L_000001ade1892ae0, L_000001ade1891be0, C4<1>, C4<1>;
L_000001ade18dc060 .functor OR 1, L_000001ade18dc300, L_000001ade18dbce0, C4<0>, C4<0>;
v000001ade1837130_0 .net *"_ivl_0", 0 0, L_000001ade18dc840;  1 drivers
v000001ade1838210_0 .net *"_ivl_10", 0 0, L_000001ade18dbce0;  1 drivers
v000001ade1837270_0 .net *"_ivl_4", 0 0, L_000001ade18dc920;  1 drivers
v000001ade1837590_0 .net *"_ivl_6", 0 0, L_000001ade18dc450;  1 drivers
v000001ade18376d0_0 .net *"_ivl_8", 0 0, L_000001ade18dc300;  1 drivers
v000001ade1838030_0 .net "a", 0 0, L_000001ade1892ae0;  1 drivers
v000001ade1837770_0 .net "b", 0 0, L_000001ade1892ea0;  1 drivers
v000001ade1837bd0_0 .net "c_in", 0 0, L_000001ade1891be0;  1 drivers
v000001ade1837810_0 .net "c_out", 0 0, L_000001ade18dc060;  1 drivers
v000001ade1837d10_0 .net "r", 0 0, L_000001ade18dc3e0;  1 drivers
S_000001ade1891550 .scope module, "adder4" "one_bit_adder" 2 21, 2 1 0, S_000001ade1825dc0;
 .timescale 0 0;
    .port_info 0 /INPUT 1 "a";
    .port_info 1 /INPUT 1 "b";
    .port_info 2 /INPUT 1 "c_in";
    .port_info 3 /OUTPUT 1 "r";
    .port_info 4 /OUTPUT 1 "c_out";
L_000001ade18dc610 .functor XOR 1, L_000001ade1892040, L_000001ade18918c0, C4<0>, C4<0>;
L_000001ade18dc990 .functor XOR 1, L_000001ade18dc610, L_000001ade1893580, C4<0>, C4<0>;
L_000001ade18dca00 .functor AND 1, L_000001ade1892040, L_000001ade18918c0, C4<1>, C4<1>;
L_000001ade18dc370 .functor AND 1, L_000001ade18918c0, L_000001ade1893580, C4<1>, C4<1>;
L_000001ade18dca70 .functor OR 1, L_000001ade18dca00, L_000001ade18dc370, C4<0>, C4<0>;
L_000001ade18dc6f0 .functor AND 1, L_000001ade1892040, L_000001ade1893580, C4<1>, C4<1>;
L_000001ade18dbe30 .functor OR 1, L_000001ade18dca70, L_000001ade18dc6f0, C4<0>, C4<0>;
v000001ade1837db0_0 .net *"_ivl_0", 0 0, L_000001ade18dc610;  1 drivers
v000001ade1837ef0_0 .net *"_ivl_10", 0 0, L_000001ade18dc6f0;  1 drivers
v000001ade18380d0_0 .net *"_ivl_4", 0 0, L_000001ade18dca00;  1 drivers
v000001ade1838170_0 .net *"_ivl_6", 0 0, L_000001ade18dc370;  1 drivers
v000001ade182ab70_0 .net *"_ivl_8", 0 0, L_000001ade18dca70;  1 drivers
v000001ade182acb0_0 .net "a", 0 0, L_000001ade1892040;  1 drivers
v000001ade182b070_0 .net "b", 0 0, L_000001ade18918c0;  1 drivers
v000001ade182b1b0_0 .net "c_in", 0 0, L_000001ade1893580;  1 drivers
v000001ade182bed0_0 .net "c_out", 0 0, L_000001ade18dbe30;  1 drivers
v000001ade182b250_0 .net "r", 0 0, L_000001ade18dc990;  1 drivers
S_000001ade18916e0 .scope module, "adder5" "one_bit_adder" 2 22, 2 1 0, S_000001ade1825dc0;
 .timescale 0 0;
    .port_info 0 /INPUT 1 "a";
    .port_info 1 /INPUT 1 "b";
    .port_info 2 /INPUT 1 "c_in";
    .port_info 3 /OUTPUT 1 "r";
    .port_info 4 /OUTPUT 1 "c_out";
L_000001ade18dcae0 .functor XOR 1, L_000001ade1892f40, L_000001ade1891c80, C4<0>, C4<0>;
L_000001ade18dc680 .functor XOR 1, L_000001ade18dcae0, L_000001ade1893620, C4<0>, C4<0>;
L_000001ade18dbc00 .functor AND 1, L_000001ade1892f40, L_000001ade1891c80, C4<1>, C4<1>;
L_000001ade18dbea0 .functor AND 1, L_000001ade1891c80, L_000001ade1893620, C4<1>, C4<1>;
L_000001ade18dc0d0 .functor OR 1, L_000001ade18dbc00, L_000001ade18dbea0, C4<0>, C4<0>;
L_000001ade18dc4c0 .functor AND 1, L_000001ade1892f40, L_000001ade1893620, C4<1>, C4<1>;
L_000001ade18dc140 .functor OR 1, L_000001ade18dc0d0, L_000001ade18dc4c0, C4<0>, C4<0>;
v000001ade182a490_0 .net *"_ivl_0", 0 0, L_000001ade18dcae0;  1 drivers
v000001ade182b390_0 .net *"_ivl_10", 0 0, L_000001ade18dc4c0;  1 drivers
v000001ade181e2c0_0 .net *"_ivl_4", 0 0, L_000001ade18dbc00;  1 drivers
v000001ade181e0e0_0 .net *"_ivl_6", 0 0, L_000001ade18dbea0;  1 drivers
v000001ade181e720_0 .net *"_ivl_8", 0 0, L_000001ade18dc0d0;  1 drivers
v000001ade181e860_0 .net "a", 0 0, L_000001ade1892f40;  1 drivers
v000001ade1893440_0 .net "b", 0 0, L_000001ade1891c80;  1 drivers
v000001ade1892180_0 .net "c_in", 0 0, L_000001ade1893620;  1 drivers
v000001ade1892860_0 .net "c_out", 0 0, L_000001ade18dc140;  1 drivers
v000001ade1893300_0 .net "r", 0 0, L_000001ade18dc680;  1 drivers
S_000001ade1893880 .scope module, "adder6" "one_bit_adder" 2 23, 2 1 0, S_000001ade1825dc0;
 .timescale 0 0;
    .port_info 0 /INPUT 1 "a";
    .port_info 1 /INPUT 1 "b";
    .port_info 2 /INPUT 1 "c_in";
    .port_info 3 /OUTPUT 1 "r";
    .port_info 4 /OUTPUT 1 "c_out";
L_000001ade18dbc70 .functor XOR 1, L_000001ade1891a00, L_000001ade1891d20, C4<0>, C4<0>;
L_000001ade18dc1b0 .functor XOR 1, L_000001ade18dbc70, L_000001ade1891aa0, C4<0>, C4<0>;
L_000001ade18dc530 .functor AND 1, L_000001ade1891a00, L_000001ade1891d20, C4<1>, C4<1>;
L_000001ade18e0ed0 .functor AND 1, L_000001ade1891d20, L_000001ade1891aa0, C4<1>, C4<1>;
L_000001ade18e0bc0 .functor OR 1, L_000001ade18dc530, L_000001ade18e0ed0, C4<0>, C4<0>;
L_000001ade18e0610 .functor AND 1, L_000001ade1891a00, L_000001ade1891aa0, C4<1>, C4<1>;
L_000001ade18e07d0 .functor OR 1, L_000001ade18e0bc0, L_000001ade18e0610, C4<0>, C4<0>;
v000001ade1892220_0 .net *"_ivl_0", 0 0, L_000001ade18dbc70;  1 drivers
v000001ade1893760_0 .net *"_ivl_10", 0 0, L_000001ade18e0610;  1 drivers
v000001ade1893080_0 .net *"_ivl_4", 0 0, L_000001ade18dc530;  1 drivers
v000001ade1891fa0_0 .net *"_ivl_6", 0 0, L_000001ade18e0ed0;  1 drivers
v000001ade18927c0_0 .net *"_ivl_8", 0 0, L_000001ade18e0bc0;  1 drivers
v000001ade1893120_0 .net "a", 0 0, L_000001ade1891a00;  1 drivers
v000001ade1891960_0 .net "b", 0 0, L_000001ade1891d20;  1 drivers
v000001ade1891f00_0 .net "c_in", 0 0, L_000001ade1891aa0;  1 drivers
v000001ade1892900_0 .net "c_out", 0 0, L_000001ade18e07d0;  1 drivers
v000001ade18922c0_0 .net "r", 0 0, L_000001ade18dc1b0;  1 drivers
S_000001ade1893a10 .scope module, "adder7" "one_bit_adder" 2 24, 2 1 0, S_000001ade1825dc0;
 .timescale 0 0;
    .port_info 0 /INPUT 1 "a";
    .port_info 1 /INPUT 1 "b";
    .port_info 2 /INPUT 1 "c_in";
    .port_info 3 /OUTPUT 1 "r";
    .port_info 4 /OUTPUT 1 "c_out";
L_000001ade18e0450 .functor XOR 1, L_000001ade18920e0, L_000001ade18e3270, C4<0>, C4<0>;
L_000001ade18e06f0 .functor XOR 1, L_000001ade18e0450, L_000001ade18e3e50, C4<0>, C4<0>;
L_000001ade18e0530 .functor AND 1, L_000001ade18920e0, L_000001ade18e3270, C4<1>, C4<1>;
L_000001ade18e0300 .functor AND 1, L_000001ade18e3270, L_000001ade18e3e50, C4<1>, C4<1>;
L_000001ade18e08b0 .functor OR 1, L_000001ade18e0530, L_000001ade18e0300, C4<0>, C4<0>;
L_000001ade18e03e0 .functor AND 1, L_000001ade18920e0, L_000001ade18e3e50, C4<1>, C4<1>;
L_000001ade18e01b0 .functor OR 1, L_000001ade18e08b0, L_000001ade18e03e0, C4<0>, C4<0>;
v000001ade1892fe0_0 .net *"_ivl_0", 0 0, L_000001ade18e0450;  1 drivers
v000001ade1893260_0 .net *"_ivl_10", 0 0, L_000001ade18e03e0;  1 drivers
v000001ade1892b80_0 .net *"_ivl_4", 0 0, L_000001ade18e0530;  1 drivers
v000001ade18931c0_0 .net *"_ivl_6", 0 0, L_000001ade18e0300;  1 drivers
v000001ade1892d60_0 .net *"_ivl_8", 0 0, L_000001ade18e08b0;  1 drivers
v000001ade18929a0_0 .net "a", 0 0, L_000001ade18920e0;  1 drivers
v000001ade18925e0_0 .net "b", 0 0, L_000001ade18e3270;  1 drivers
v000001ade1892680_0 .net "c_in", 0 0, L_000001ade18e3e50;  1 drivers
v000001ade1892360_0 .net "c_out", 0 0, L_000001ade18e01b0;  1 drivers
v000001ade1892e00_0 .net "r", 0 0, L_000001ade18e06f0;  1 drivers
# The file index is used to find the file name in the following table.
:file_names 3;
    "N/A";
    "<interactive>";
    "one_bit_adder.v";
